0 info it worked if it ends with ok
1 verbose cli [ '/home/ravi/.nvm/versions/node/v6.3.1/bin/node',
1 verbose cli   '/home/ravi/.nvm/versions/node/v6.3.1/bin/npm',
1 verbose cli   'start' ]
2 info using npm@3.10.3
3 info using node@v6.3.1
4 verbose run-script [ 'prestart', 'start', 'poststart' ]
5 info lifecycle doc_directory@0.0.1~prestart: doc_directory@0.0.1
6 silly lifecycle doc_directory@0.0.1~prestart: no script for prestart, continuing
7 info lifecycle doc_directory@0.0.1~start: doc_directory@0.0.1
8 verbose lifecycle doc_directory@0.0.1~start: unsafe-perm in lifecycle true
9 verbose lifecycle doc_directory@0.0.1~start: PATH: /home/ravi/.nvm/versions/node/v6.3.1/lib/node_modules/npm/bin/node-gyp-bin:/home/ravi/Documents/practice/projects/Doc-Directory/node_modules/.bin:/home/ravi/.nvm/versions/node/v6.3.1/bin:/usr/local/heroku/bin:/home/ravi/.nvm/versions/node/v6.3.1/bin:/usr/local/sbin:/usr/local/bin:/usr/sbin:/usr/bin:/sbin:/bin:/usr/games:/usr/local/games:/snap/bin:/usr/lib/jvm/java-8-oracle/bin:/usr/lib/jvm/java-8-oracle/db/bin:/usr/lib/jvm/java-8-oracle/jre/bin
10 verbose lifecycle doc_directory@0.0.1~start: CWD: /home/ravi/Documents/practice/projects/Doc-Directory
11 silly lifecycle doc_directory@0.0.1~start: Args: [ '-c', 'nodejs ./bin/www' ]
12 silly lifecycle doc_directory@0.0.1~start: Returned: code: 1  signal: null
13 info lifecycle doc_directory@0.0.1~start: Failed to exec start script
14 verbose stack Error: doc_directory@0.0.1 start: `nodejs ./bin/www`
14 verbose stack Exit status 1
14 verbose stack     at EventEmitter.<anonymous> (/home/ravi/.nvm/versions/node/v6.3.1/lib/node_modules/npm/lib/utils/lifecycle.js:242:16)
14 verbose stack     at emitTwo (events.js:106:13)
14 verbose stack     at EventEmitter.emit (events.js:191:7)
14 verbose stack     at ChildProcess.<anonymous> (/home/ravi/.nvm/versions/node/v6.3.1/lib/node_modules/npm/lib/utils/spawn.js:40:14)
14 verbose stack     at emitTwo (events.js:106:13)
14 verbose stack     at ChildProcess.emit (events.js:191:7)
14 verbose stack     at maybeClose (internal/child_process.js:852:16)
14 verbose stack     at Process.ChildProcess._handle.onexit (internal/child_process.js:215:5)
15 verbose pkgid doc_directory@0.0.1
16 verbose cwd /home/ravi/Documents/practice/projects/Doc-Directory
17 error Linux 4.4.0-42-generic
18 error argv "/home/ravi/.nvm/versions/node/v6.3.1/bin/node" "/home/ravi/.nvm/versions/node/v6.3.1/bin/npm" "start"
19 error node v6.3.1
20 error npm  v3.10.3
21 error code ELIFECYCLE
22 error doc_directory@0.0.1 start: `nodejs ./bin/www`
22 error Exit status 1
23 error Failed at the doc_directory@0.0.1 start script 'nodejs ./bin/www'.
23 error Make sure you have the latest version of node.js and npm installed.
23 error If you do, this is most likely a problem with the doc_directory package,
23 error not with npm itself.
23 error Tell the author that this fails on your system:
23 error     nodejs ./bin/www
23 error You can get information on how to open an issue for this project with:
23 error     npm bugs doc_directory
23 error Or if that isn't available, you can get their info via:
23 error     npm owner ls doc_directory
23 error There is likely additional logging output above.
24 verbose exit [ 1, true ]
